objc[42613]: Class AXEmojiUtilities is implemented in both /Applications/Xcode.app/Contents/Developer/Platforms/iPhoneSimulator.platform/Developer/SDKs/iPhoneSimulator7.1.sdk/System/Library/PrivateFrameworks/AccessibilityUtilities.framework/AccessibilityUtilities and /Applications/Xcode.app/Contents/Developer/Platforms/iPhoneSimulator.platform/Developer/SDKs/iPhoneSimulator7.1.sdk/usr/lib/libAXSpeechManager.dylib. One of the two will be used. Which one is undefined.
2014-07-30 11:33:09.810 PG12[42613:70b] Cannot find executable for CFBundle 0xa355630 </Applications/Xcode.app/Contents/Developer/Platforms/iPhoneSimulator.platform/Developer/SDKs/iPhoneSimulator7.1.sdk/System/Library/AccessibilityBundles/GeoServices.axbundle> (not loaded)
2014-07-30 11:33:09.815 PG12[42613:70b] Cannot find executable for CFBundle 0xa447f20 </Applications/Xcode.app/Contents/Developer/Platforms/iPhoneSimulator.platform/Developer/SDKs/iPhoneSimulator7.1.sdk/System/Library/AccessibilityBundles/CertUIFramework.axbundle> (not loaded)
2014-07-30 11:33:10.051 PG12[42613:70b] Multi-tasking -> Device: YES, App: YES
2014-07-30 11:33:10.136 PG12[42613:70b] Unlimited access to network resources
2014-07-30 11:33:10.162 PG12[42613:70b] 

Started backup to iCloud! Please be careful.
Your application might rejected by Apple if you store too much data.
For more information please read "iOS Data Storage Guidelines"
You could find it at the following address https://developer.apple.com/icloud/documentation/data-storage/ .

2014-07-30 11:33:11.858 PG12[42613:70b] Resetting plugins due to page load.
2014-07-30 11:33:13.507 PG12[42613:70b] Finished load of: file:///Users/michael/Library/Application%20Support/iPhone%20Simulator/7.1/Applications/F369FE12-DF41-41ED-AB11-00FB0EC39D81/PG12.app/www/index.html#/localStorage/
Terminating in response to SpringBoard's termination.
objc[42980]: Class AXEmojiUtilities is implemented in both /Applications/Xcode.app/Contents/Developer/Platforms/iPhoneSimulator.platform/Developer/SDKs/iPhoneSimulator7.1.sdk/System/Library/PrivateFrameworks/AccessibilityUtilities.framework/AccessibilityUtilities and /Applications/Xcode.app/Contents/Developer/Platforms/iPhoneSimulator.platform/Developer/SDKs/iPhoneSimulator7.1.sdk/usr/lib/libAXSpeechManager.dylib. One of the two will be used. Which one is undefined.
2014-07-30 11:36:41.793 PG12[42980:70b] Cannot find executable for CFBundle 0xa29f770 </Applications/Xcode.app/Contents/Developer/Platforms/iPhoneSimulator.platform/Developer/SDKs/iPhoneSimulator7.1.sdk/System/Library/AccessibilityBundles/GeoServices.axbundle> (not loaded)
2014-07-30 11:36:41.804 PG12[42980:70b] Cannot find executable for CFBundle 0xa2b6290 </Applications/Xcode.app/Contents/Developer/Platforms/iPhoneSimulator.platform/Developer/SDKs/iPhoneSimulator7.1.sdk/System/Library/AccessibilityBundles/CertUIFramework.axbundle> (not loaded)
2014-07-30 11:36:41.888 PG12[42980:70b] Multi-tasking -> Device: YES, App: YES
2014-07-30 11:36:41.897 PG12[42980:70b] Unlimited access to network resources
2014-07-30 11:36:41.921 PG12[42980:70b] 

Started backup to iCloud! Please be careful.
Your application might rejected by Apple if you store too much data.
For more information please read "iOS Data Storage Guidelines"
You could find it at the following address https://developer.apple.com/icloud/documentation/data-storage/ .

2014-07-30 11:36:42.083 PG12[42980:70b] Resetting plugins due to page load.
2014-07-30 11:36:42.609 PG12[42980:70b] Finished load of: file:///Users/michael/Library/Application%20Support/iPhone%20Simulator/7.1/Applications/F369FE12-DF41-41ED-AB11-00FB0EC39D81/PG12.app/www/index.html#/localStorage/
Terminating in response to SpringBoard's termination.
